07-Oct-2023 00:34:56.688 INFO [main] org.apache.catalina.startup.VersionLoggerListener.log Server version name:   Apache Tomcat/9.0.80
07-Oct-2023 00:34:56.693 INFO [main] org.apache.catalina.startup.VersionLoggerListener.log Server built:          Aug 23 2023 21:59:38 UTC
07-Oct-2023 00:34:56.694 INFO [main] org.apache.catalina.startup.VersionLoggerListener.log Server version number: 9.0.80.0
07-Oct-2023 00:34:56.694 INFO [main] org.apache.catalina.startup.VersionLoggerListener.log OS Name:               Windows 10
07-Oct-2023 00:34:56.694 INFO [main] org.apache.catalina.startup.VersionLoggerListener.log OS Version:            10.0
07-Oct-2023 00:34:56.694 INFO [main] org.apache.catalina.startup.VersionLoggerListener.log Architecture:          amd64
07-Oct-2023 00:34:56.694 INFO [main] org.apache.catalina.startup.VersionLoggerListener.log Java Home:             C:\Program Files\Java\jdk-17
07-Oct-2023 00:34:56.695 INFO [main] org.apache.catalina.startup.VersionLoggerListener.log JVM Version:           17.0.8+9-LTS-211
07-Oct-2023 00:34:56.695 INFO [main] org.apache.catalina.startup.VersionLoggerListener.log JVM Vendor:            Oracle Corporation
07-Oct-2023 00:34:56.695 INFO [main] org.apache.catalina.startup.VersionLoggerListener.log CATALINA_BASE:         C:\Users\EWGCS\Desktop\Spring Framework\Spring MVC\GoogleWeb
07-Oct-2023 00:34:56.695 INFO [main] org.apache.catalina.startup.VersionLoggerListener.log CATALINA_HOME:         C:\Tomcat 9.0
07-Oct-2023 00:34:56.707 INFO [main] org.apache.catalina.startup.VersionLoggerListener.log Command line argument: --add-opens=java.base/java.lang=ALL-UNNAMED
07-Oct-2023 00:34:56.708 INFO [main] org.apache.catalina.startup.VersionLoggerListener.log Command line argument: --add-opens=java.base/java.io=ALL-UNNAMED
07-Oct-2023 00:34:56.708 INFO [main] org.apache.catalina.startup.VersionLoggerListener.log Command line argument: --add-opens=java.base/java.util=ALL-UNNAMED
07-Oct-2023 00:34:56.708 INFO [main] org.apache.catalina.startup.VersionLoggerListener.log Command line argument: --add-opens=java.base/java.util.concurrent=ALL-UNNAMED
07-Oct-2023 00:34:56.708 INFO [main] org.apache.catalina.startup.VersionLoggerListener.log Command line argument: --add-opens=java.rmi/sun.rmi.transport=ALL-UNNAMED
07-Oct-2023 00:34:56.709 INFO [main] org.apache.catalina.startup.VersionLoggerListener.log Command line argument: -Dcatalina.home=C:\Tomcat 9.0
07-Oct-2023 00:34:56.709 INFO [main] org.apache.catalina.startup.VersionLoggerListener.log Command line argument: -Dcatalina.base=C:\Users\EWGCS\Desktop\Spring Framework\Spring MVC\GoogleWeb
07-Oct-2023 00:34:56.709 INFO [main] org.apache.catalina.startup.VersionLoggerListener.log Command line argument: -Djava.io.tmpdir=C:\Users\EWGCS\Desktop\Spring Framework\Spring MVC\GoogleWeb\temp
07-Oct-2023 00:34:56.709 INFO [main] org.apache.catalina.startup.VersionLoggerListener.log Command line argument: -Djava.util.logging.config.file=C:\Users\EWGCS\Desktop\Spring Framework\Spring MVC\GoogleWeb\conf\logging.properties
07-Oct-2023 00:34:56.709 INFO [main] org.apache.catalina.startup.VersionLoggerListener.log Command line argument: -Djava.util.logging.manager=org.apache.juli.ClassLoaderLogManager
07-Oct-2023 00:34:56.710 INFO [main] org.apache.catalina.startup.VersionLoggerListener.log Command line argument: -javaagent:C:\IntelliJ IDEA 2023\lib\idea_rt.jar=60340:C:\IntelliJ IDEA 2023\bin
07-Oct-2023 00:34:56.710 INFO [main] org.apache.catalina.startup.VersionLoggerListener.log Command line argument: -Dfile.encoding=UTF-8
07-Oct-2023 00:34:56.720 INFO [main] org.apache.catalina.core.AprLifecycleListener.lifecycleEvent The Apache Tomcat Native library which allows using OpenSSL was not found on the java.library.path: [C:\Program Files\Java\jdk-17\bin;C:\WINDOWS\Sun\Java\bin;C:\WINDOWS\system32;C:\WINDOWS;C:\OracleDB\db_home\bin;C:\Program Files\Common Files\Oracle\Java\javapath;C:\WINDOWS\system32;C:\WINDOWS;C:\WINDOWS\System32\Wbem;C:\WINDOWS\System32\WindowsPowerShell\v1.0\;C:\WINDOWS\System32\OpenSSH\;C:\Program Files\MySQL\MySQL Shell 8.0\bin\;C:\Users\EWGCS\AppData\Local\Microsoft\WindowsApps;;.]
07-Oct-2023 00:34:57.179 INFO [main] org.apache.coyote.AbstractProtocol.init Initializing ProtocolHandler ["http-nio-8080"]
07-Oct-2023 00:34:57.223 INFO [main] org.apache.catalina.startup.Catalina.load Server initialization in [814] milliseconds
07-Oct-2023 00:34:57.318 INFO [main] org.apache.catalina.core.StandardService.startInternal Starting service [Catalina]
07-Oct-2023 00:34:57.319 INFO [main] org.apache.catalina.core.StandardEngine.startInternal Starting Servlet engine: [Apache Tomcat/9.0.80]
07-Oct-2023 00:34:57.340 INFO [main] org.apache.catalina.startup.HostConfig.deployDescriptor Deploying deployment descriptor [C:\Users\EWGCS\Desktop\Spring Framework\Spring MVC\GoogleWeb\conf\Catalina\localhost\GoogleWeb.xml]
07-Oct-2023 00:34:59.679 INFO [main] org.apache.jasper.servlet.TldScanner.scanJars At least one JAR was scanned for TLDs yet contained no TLDs. Enable debug logging for this logger for a complete list of JARs that were scanned but no TLDs were found in them. Skipping unneeded JARs during scanning can improve startup time and JSP compilation time.
07-Oct-2023 00:35:00.012 INFO [main] org.springframework.web.servlet.FrameworkServlet.initServletBean Initializing Servlet 'dispatcher'
07-Oct-2023 00:35:02.287 INFO [main] org.springframework.web.servlet.FrameworkServlet.initServletBean Completed initialization in 2275 ms
07-Oct-2023 00:35:02.300 INFO [main] org.apache.catalina.startup.HostConfig.deployDescriptor Deployment of deployment descriptor [C:\Users\EWGCS\Desktop\Spring Framework\Spring MVC\GoogleWeb\conf\Catalina\localhost\GoogleWeb.xml] has finished in [4,959] ms
07-Oct-2023 00:35:02.306 INFO [main] org.apache.coyote.AbstractProtocol.start Starting ProtocolHandler ["http-nio-8080"]
07-Oct-2023 00:35:02.373 INFO [main] org.apache.catalina.startup.Catalina.start Server startup in [5149] milliseconds
07-Oct-2023 00:35:45.602 INFO [Thread-1] org.apache.coyote.AbstractProtocol.pause Pausing ProtocolHandler ["http-nio-8080"]
07-Oct-2023 00:35:45.615 INFO [Thread-1] org.apache.catalina.core.StandardService.stopInternal Stopping service [Catalina]
07-Oct-2023 00:35:45.625 INFO [Thread-1] org.apache.coyote.AbstractProtocol.stop Stopping ProtocolHandler ["http-nio-8080"]
07-Oct-2023 00:35:45.629 INFO [Thread-1] org.apache.coyote.AbstractProtocol.destroy Destroying ProtocolHandler ["http-nio-8080"]
